Using pre-set license
Built from '2020.2/release' branch; Version is '2020.2.2f1 (068178b99f32) revision 426360'; Using compiler version '192528614'; Build Type 'Release'
OS: 'Windows 10 Home; OS build 19042.928; Version 2009; 64bit' Language: 'en' Physical Memory: 16196 MB
BatchMode: 1, IsHumanControllingUs: 0, StartBugReporterOnCrash: 0, Is64bit: 1, IsPro: 0

 COMMAND LINE ARGUMENTS:
C:\Program Files\Unity\Hub\Editor\2020.2.2f1\Editor\Unity.exe
-adb2
-batchMode
-noUpm
-name
AssetImportWorker0
-projectPath
C:/Users/crmdo/OneDrive/Desktop/2021 Diploma/Github/Networking-Cook-Off
-logFile
Logs/AssetImportWorker0.log
-srvPort
63189
Successfully changed project path to: C:/Users/crmdo/OneDrive/Desktop/2021 Diploma/Github/Networking-Cook-Off
C:/Users/crmdo/OneDrive/Desktop/2021 Diploma/Github/Networking-Cook-Off
Using Asset Import Pipeline V2.
Refreshing native plugins compatible for Editor in 93.75 ms, found 0 plugins.
Preloading 0 native plugins for Editor in 0.00 ms.
Initialize engine version: 2020.2.2f1 (068178b99f32)
[Subsystems] Discovering subsystems at path C:/Program Files/Unity/Hub/Editor/2020.2.2f1/Editor/Data/Resources/UnitySubsystems
[Subsystems] Discovering subsystems at path C:/Users/crmdo/OneDrive/Desktop/2021 Diploma/Github/Networking-Cook-Off/Assets
GfxDevice: creating device client; threaded=0
Direct3D:
    Version:  Direct3D 11.0 [level 11.1]
    Renderer: NVIDIA GeForce GTX 1660 Ti (ID=0x2191)
    Vendor:   
    VRAM:     5991 MB
    Driver:   27.21.14.5771
Initialize mono
Mono path[0] = 'C:/Program Files/Unity/Hub/Editor/2020.2.2f1/Editor/Data/Managed'
Mono path[1] = 'C:/Program Files/Unity/Hub/Editor/2020.2.2f1/Editor/Data/MonoBleedingEdge/lib/mono/unityjit'
Mono config path = 'C:/Program Files/Unity/Hub/Editor/2020.2.2f1/Editor/Data/MonoBleedingEdge/etc'
Using monoOptions --debugger-agent=transport=dt_socket,embedding=1,server=y,suspend=n,address=127.0.0.1:56340
Begin MonoManager ReloadAssembly
Registering precompiled unity dll's ...
Register platform support module: C:/Program Files/Unity/Hub/Editor/2020.2.2f1/Editor/Data/PlaybackEngines/WindowsStandaloneSupport/UnityEditor.WindowsStandalone.Extensions.dll
Registered in 0.003921 seconds.
Native extension for WindowsStandalone target not found
Refreshing native plugins compatible for Editor in 71.93 ms, found 0 plugins.
Preloading 0 native plugins for Editor in 0.00 ms.
Invoked RoslynAnalysisRunner static constructor.
RoslynAnalysisRunner will not be running.
RoslynAnalysisRunner has terminated.
Mono: successfully reloaded assembly
- Completed reload, in  3.422 seconds
Platform modules already initialized, skipping
Registering precompiled user dll's ...
Registered in 0.008830 seconds.
Begin MonoManager ReloadAssembly
Native extension for WindowsStandalone target not found
Refreshing native plugins compatible for Editor in 70.90 ms, found 0 plugins.
Preloading 0 native plugins for Editor in 0.00 ms.
Invoked RoslynAnalysisRunner static constructor.
RoslynAnalysisRunner will not be running.
RoslynAnalysisRunner has terminated.
Find all reader and writers took 392 milliseconds
Script Module: UnityEngine.UI.dll
Weave behaviours and messages took303 milliseconds
Find all reader and writers took 361 milliseconds
Script Module: UnityEngine.TestRunner.dll
Weave behaviours and messages took116 milliseconds
Find all reader and writers took 369 milliseconds
Script Module: Unity.InputSystem.dll
Weave behaviours and messages took814 milliseconds
Find all reader and writers took 286 milliseconds
Script Module: SimpleWebTransport.dll
Weave behaviours and messages took28 milliseconds
Find all reader and writers took 300 milliseconds
Script Module: Unity.Timeline.dll
Weave behaviours and messages took119 milliseconds
Find all reader and writers took 308 milliseconds
Script Module: Mirror.Examples.dll
[Projectile] NetworkBehaviourProcessor
[Tank] NetworkBehaviourProcessor
[NetworkRoomPlayer] NetworkBehaviourProcessor
[NetworkRoomPlayerExt] NetworkBehaviourProcessor
[PlayerController] NetworkBehaviourProcessor
[PlayerScore] NetworkBehaviourProcessor
[RandomColor] NetworkBehaviourProcessor
[Reward] NetworkBehaviourProcessor
[AddForce] NetworkBehaviourProcessor
[Ball] NetworkBehaviourProcessor
[Player] NetworkBehaviourProcessor
[MatchController] NetworkBehaviourProcessor
[PhysicsCollision] NetworkBehaviourProcessor
[PlayerController] NetworkBehaviourProcessor
[PlayerScore] NetworkBehaviourProcessor
[RandomColor] NetworkBehaviourProcessor
[Reward] NetworkBehaviourProcessor
[Player] NetworkBehaviourProcessor
[MonsterMovement] NetworkBehaviourProcessor
[PlayerMovement] NetworkBehaviourProcessor
[Player] NetworkBehaviourProcessor
[PlayerController] NetworkBehaviourProcessor
[RandomColor] NetworkBehaviourProcessor
[ShootingTankBehaviour] NetworkBehaviourProcessor
Weave behaviours and messages took78 milliseconds
  ProcessSitesModule Mirror.Examples.dll elapsed time:00:00:00.0229666
Find all reader and writers took 311 milliseconds
Script Module: Mirror.Components.dll
[NetworkAnimator] NetworkBehaviourProcessor
[NetworkRoomPlayer] NetworkBehaviourProcessor
[NetworkLobbyPlayer] NetworkBehaviourProcessor
[NetworkVisibility] NetworkBehaviourProcessor
[NetworkVisibility] Found NetworkBehaviour Mirror.NetworkVisibility
[NetworkVisibility] Process Start
[NetworkVisibility]   GenerateSerialization
[NetworkVisibility]   GenerateDeSerialization
[NetworkVisibility] Process Done
[NetworkMatchChecker] NetworkBehaviourProcessor
[NetworkVisibility] NetworkBehaviourProcessor
[NetworkOwnerChecker] NetworkBehaviourProcessor
[NetworkVisibility] NetworkBehaviourProcessor
[NetworkProximityChecker] NetworkBehaviourProcessor
[NetworkRoomPlayer] NetworkBehaviourProcessor
[NetworkVisibility] NetworkBehaviourProcessor
[NetworkSceneChecker] NetworkBehaviourProcessor
[NetworkTransformBase] NetworkBehaviourProcessor
[NetworkTransform] NetworkBehaviourProcessor
[NetworkTransformBase] NetworkBehaviourProcessor
[NetworkTransformBase] NetworkBehaviourProcessor
[NetworkTransformChild] NetworkBehaviourProcessor
[NetworkLerpRigidbody] NetworkBehaviourProcessor
[NetworkRigidbody] NetworkBehaviourProcessor
[NetworkRigidbody2D] NetworkBehaviourProcessor
[NetworkTransformBase] NetworkBehaviourProcessor
[NetworkTransform] NetworkBehaviourProcessor
[NetworkTransformBase] NetworkBehaviourProcessor
[NetworkTransformBase] NetworkBehaviourProcessor
[NetworkTransformChild] NetworkBehaviourProcessor
Weave behaviours and messages took83 milliseconds
  ProcessSitesModule Mirror.Components.dll elapsed time:00:00:00.0040328
Find all reader and writers took 305 milliseconds
Script Module: Mirror.Tests.Common.dll
Weave behaviours and messages took6 milliseconds
Find all reader and writers took 363 milliseconds
Script Module: Unity.TextMeshPro.dll
Weave behaviours and messages took335 milliseconds
Find all reader and writers took 297 milliseconds
Script Module: Mirror.Tests.Runtime.dll
Weave behaviours and messages took26 milliseconds
Find all reader and writers took 300 milliseconds
Script Module: Telepathy.dll
Weave behaviours and messages took12 milliseconds
Find all reader and writers took 311 milliseconds
Script Module: Mirror.Authenticators.dll
Weave behaviours and messages took9 milliseconds
  ProcessSitesModule Mirror.Authenticators.dll elapsed time:00:00:00.0009980
Find all reader and writers took 323 milliseconds
Script Module: Assembly-CSharp.dll
[WakabaPlayerNet] NetworkBehaviourProcessor
Weave behaviours and messages took25 milliseconds
Find all reader and writers took 296 milliseconds
Script Module: kcp2k.dll
Weave behaviours and messages took21 milliseconds
Find all reader and writers took 319 milliseconds
Script Module: Mirror.Examples.Cloud.GUI.dll
Weave behaviours and messages took16 milliseconds
Find all reader and writers took 306 milliseconds
Script Module: Mirror.Cloud.dll
Weave behaviours and messages took16 milliseconds
Find all reader and writers took 310 milliseconds
Script Module: Mirror.Examples.Cloud.Pong.dll
[Ball] NetworkBehaviourProcessor
[BallManager] NetworkBehaviourProcessor
[Player] NetworkBehaviourProcessor
Weave behaviours and messages took11 milliseconds
  ProcessSitesModule Mirror.Examples.Cloud.Pong.dll elapsed time:00:00:00
Find all reader and writers took 295 milliseconds
Script Module: Mirror.Tests.Performance.Runtime.dll
Weave behaviours and messages took0 milliseconds
Find all reader and writers took 402 milliseconds
Script Module: UnityEditor.TestRunner.dll
Weave behaviours and messages took167 milliseconds
