Using pre-set license
Built from '2020.2/release' branch; Version is '2020.2.2f1 (068178b99f32) revision 426360'; Using compiler version '192528614'; Build Type 'Release'
OS: 'Windows 10 Home; OS build 19042.928; Version 2009; 64bit' Language: 'en' Physical Memory: 16196 MB
BatchMode: 1, IsHumanControllingUs: 0, StartBugReporterOnCrash: 0, Is64bit: 1, IsPro: 0

 COMMAND LINE ARGUMENTS:
C:\Program Files\Unity\Hub\Editor\2020.2.2f1\Editor\Unity.exe
-adb2
-batchMode
-noUpm
-name
AssetImportWorker2
-projectPath
C:/Users/crmdo/OneDrive/Desktop/2021 Diploma/Github/Networking-Cook-Off
-logFile
Logs/AssetImportWorker2.log
-srvPort
63189
Successfully changed project path to: C:/Users/crmdo/OneDrive/Desktop/2021 Diploma/Github/Networking-Cook-Off
C:/Users/crmdo/OneDrive/Desktop/2021 Diploma/Github/Networking-Cook-Off
Using Asset Import Pipeline V2.
Refreshing native plugins compatible for Editor in 82.55 ms, found 0 plugins.
Preloading 0 native plugins for Editor in 0.00 ms.
Initialize engine version: 2020.2.2f1 (068178b99f32)
[Subsystems] Discovering subsystems at path C:/Program Files/Unity/Hub/Editor/2020.2.2f1/Editor/Data/Resources/UnitySubsystems
[Subsystems] Discovering subsystems at path C:/Users/crmdo/OneDrive/Desktop/2021 Diploma/Github/Networking-Cook-Off/Assets
GfxDevice: creating device client; threaded=0
Direct3D:
    Version:  Direct3D 11.0 [level 11.1]
    Renderer: NVIDIA GeForce GTX 1660 Ti (ID=0x2191)
    Vendor:   
    VRAM:     5991 MB
    Driver:   27.21.14.5771
Initialize mono
Mono path[0] = 'C:/Program Files/Unity/Hub/Editor/2020.2.2f1/Editor/Data/Managed'
Mono path[1] = 'C:/Program Files/Unity/Hub/Editor/2020.2.2f1/Editor/Data/MonoBleedingEdge/lib/mono/unityjit'
Mono config path = 'C:/Program Files/Unity/Hub/Editor/2020.2.2f1/Editor/Data/MonoBleedingEdge/etc'
Using monoOptions --debugger-agent=transport=dt_socket,embedding=1,server=y,suspend=n,address=127.0.0.1:56916
Begin MonoManager ReloadAssembly
Registering precompiled unity dll's ...
Register platform support module: C:/Program Files/Unity/Hub/Editor/2020.2.2f1/Editor/Data/PlaybackEngines/WindowsStandaloneSupport/UnityEditor.WindowsStandalone.Extensions.dll
Registered in 0.003969 seconds.
Native extension for WindowsStandalone target not found
Refreshing native plugins compatible for Editor in 116.47 ms, found 0 plugins.
Preloading 0 native plugins for Editor in 0.00 ms.
Invoked RoslynAnalysisRunner static constructor.
RoslynAnalysisRunner will not be running.
RoslynAnalysisRunner has terminated.
Mono: successfully reloaded assembly
- Completed reload, in  2.890 seconds
Platform modules already initialized, skipping
Registering precompiled user dll's ...
Registered in 0.007975 seconds.
Begin MonoManager ReloadAssembly
Native extension for WindowsStandalone target not found
Refreshing native plugins compatible for Editor in 70.89 ms, found 0 plugins.
Preloading 0 native plugins for Editor in 0.00 ms.
Invoked RoslynAnalysisRunner static constructor.
RoslynAnalysisRunner will not be running.
RoslynAnalysisRunner has terminated.
Find all reader and writers took 342 milliseconds
Script Module: UnityEngine.UI.dll
Weave behaviours and messages took293 milliseconds
Find all reader and writers took 286 milliseconds
Script Module: UnityEngine.TestRunner.dll
Weave behaviours and messages took101 milliseconds
Find all reader and writers took 365 milliseconds
Script Module: Unity.InputSystem.dll
Weave behaviours and messages took878 milliseconds
Find all reader and writers took 260 milliseconds
Script Module: SimpleWebTransport.dll
Weave behaviours and messages took34 milliseconds
Find all reader and writers took 282 milliseconds
Script Module: Unity.Timeline.dll
Weave behaviours and messages took136 milliseconds
Find all reader and writers took 284 milliseconds
Script Module: Mirror.Examples.dll
[Projectile] NetworkBehaviourProcessor
[Tank] NetworkBehaviourProcessor
[NetworkRoomPlayer] NetworkBehaviourProcessor
[NetworkRoomPlayerExt] NetworkBehaviourProcessor
[PlayerController] NetworkBehaviourProcessor
[PlayerScore] NetworkBehaviourProcessor
[RandomColor] NetworkBehaviourProcessor
[Reward] NetworkBehaviourProcessor
[AddForce] NetworkBehaviourProcessor
[Ball] NetworkBehaviourProcessor
[Player] NetworkBehaviourProcessor
[MatchController] NetworkBehaviourProcessor
[PhysicsCollision] NetworkBehaviourProcessor
[PlayerController] NetworkBehaviourProcessor
[PlayerScore] NetworkBehaviourProcessor
[RandomColor] NetworkBehaviourProcessor
[Reward] NetworkBehaviourProcessor
[Player] NetworkBehaviourProcessor
[MonsterMovement] NetworkBehaviourProcessor
[PlayerMovement] NetworkBehaviourProcessor
[Player] NetworkBehaviourProcessor
[PlayerController] NetworkBehaviourProcessor
[RandomColor] NetworkBehaviourProcessor
[ShootingTankBehaviour] NetworkBehaviourProcessor
Weave behaviours and messages took97 milliseconds
  ProcessSitesModule Mirror.Examples.dll elapsed time:00:00:00.0259322
Find all reader and writers took 267 milliseconds
Script Module: Mirror.Components.dll
[NetworkAnimator] NetworkBehaviourProcessor
[NetworkRoomPlayer] NetworkBehaviourProcessor
[NetworkLobbyPlayer] NetworkBehaviourProcessor
[NetworkVisibility] NetworkBehaviourProcessor
[NetworkVisibility] Found NetworkBehaviour Mirror.NetworkVisibility
[NetworkVisibility] Process Start
[NetworkVisibility]   GenerateSerialization
[NetworkVisibility]   GenerateDeSerialization
[NetworkVisibility] Process Done
[NetworkMatchChecker] NetworkBehaviourProcessor
[NetworkVisibility] NetworkBehaviourProcessor
[NetworkOwnerChecker] NetworkBehaviourProcessor
[NetworkVisibility] NetworkBehaviourProcessor
[NetworkProximityChecker] NetworkBehaviourProcessor
[NetworkRoomPlayer] NetworkBehaviourProcessor
[NetworkVisibility] NetworkBehaviourProcessor
[NetworkSceneChecker] NetworkBehaviourProcessor
[NetworkTransformBase] NetworkBehaviourProcessor
[NetworkTransform] NetworkBehaviourProcessor
[NetworkTransformBase] NetworkBehaviourProcessor
[NetworkTransformBase] NetworkBehaviourProcessor
[NetworkTransformChild] NetworkBehaviourProcessor
[NetworkLerpRigidbody] NetworkBehaviourProcessor
[NetworkRigidbody] NetworkBehaviourProcessor
[NetworkRigidbody2D] NetworkBehaviourProcessor
[NetworkTransformBase] NetworkBehaviourProcessor
[NetworkTransform] NetworkBehaviourProcessor
[NetworkTransformBase] NetworkBehaviourProcessor
[NetworkTransformBase] NetworkBehaviourProcessor
[NetworkTransformChild] NetworkBehaviourProcessor
Weave behaviours and messages took100 milliseconds
  ProcessSitesModule Mirror.Components.dll elapsed time:00:00:00.0050058
Find all reader and writers took 270 milliseconds
Script Module: Mirror.Tests.Common.dll
Weave behaviours and messages took12 milliseconds
Find all reader and writers took 316 milliseconds
Script Module: Unity.TextMeshPro.dll
Weave behaviours and messages took336 milliseconds
Find all reader and writers took 258 milliseconds
Script Module: Mirror.Tests.Runtime.dll
Weave behaviours and messages took23 milliseconds
Find all reader and writers took 262 milliseconds
Script Module: Telepathy.dll
Weave behaviours and messages took12 milliseconds
Find all reader and writers took 272 milliseconds
Script Module: Mirror.Authenticators.dll
Weave behaviours and messages took19 milliseconds
  ProcessSitesModule Mirror.Authenticators.dll elapsed time:00:00:00.0009980
Find all reader and writers took 278 milliseconds
Script Module: Assembly-CSharp.dll
[WakabaPlayerNet] NetworkBehaviourProcessor
Weave behaviours and messages took23 milliseconds
Find all reader and writers took 264 milliseconds
Script Module: kcp2k.dll
Weave behaviours and messages took22 milliseconds
Find all reader and writers took 389 milliseconds
Script Module: Mirror.Examples.Cloud.GUI.dll
Weave behaviours and messages took21 milliseconds
Find all reader and writers took 286 milliseconds
Script Module: Mirror.Cloud.dll
Weave behaviours and messages took17 milliseconds
Find all reader and writers took 280 milliseconds
Script Module: Mirror.Examples.Cloud.Pong.dll
[Ball] NetworkBehaviourProcessor
[BallManager] NetworkBehaviourProcessor
[Player] NetworkBehaviourProcessor
Weave behaviours and messages took16 milliseconds
  ProcessSitesModule Mirror.Examples.Cloud.Pong.dll elapsed time:00:00:00.0009980
Find all reader and writers took 288 milliseconds
Script Module: Mirror.Tests.Performance.Runtime.dll
Weave behaviours and messages took0 milliseconds
Find all reader and writers took 416 milliseconds
Script Module: UnityEditor.TestRunner.dll
Weave behaviours and messages took172 milliseconds
Find all reader and writers took 424 milliseconds
Script Module: UnityEditor.UI.dll
Weave behaviours and messages took69 milliseconds
Find all reader and writers took 468 milliseconds
Script Module: Mirror.Tests.dll
[EmptyBehaviour] NetworkBehaviourProcessor
[SyncVarGameObjectEqualExposedBehaviour] NetworkBehaviourProcessor
[SyncVarNetworkIdentityEqualExposedBehaviour] NetworkBehaviourProcessor
[NetworkBehaviourSendCommandInternalComponent] NetworkBehaviourProcessor
[NetworkBehaviourSendRPCInternalComponent] NetworkBehaviourProcessor
[NetworkBehaviourSendTargetRPCInternalComponent] NetworkBehaviourProcessor
[NetworkBehaviourDelegateComponent] NetworkBehaviourProcessor
[NetworkBehaviourSetSyncVarGameObjectComponent] NetworkBehaviourProcessor
[NetworkBehaviourGetSyncVarGameObjectComponent] NetworkBehaviourProcessor
[NetworkBehaviourSetSyncVarNetworkIdentityComponent] NetworkBehaviourProcessor
[NetworkBehaviourGetSyncVarNetworkIdentityComponent] NetworkBehaviourProcessor
[NetworkBehaviourInitSyncObjectExposed] NetworkBehaviourProcessor
[OnStopClientComponent] NetworkBehaviourProcessor
[OnStartClientComponent] NetworkBehaviourProcessor
[OnStartLocalPlayerComponent] NetworkBehaviourProcessor
[NetworkBehaviourHookGuardTester] NetworkBehaviourProcessor
[NetworkBehaviourInitSyncObjectTester] NetworkBehaviourProcessor
[CommandTestNetworkBehaviour] NetworkBehaviourProcessor
[RpcTestNetworkBehaviour] NetworkBehaviourProcessor
[OnStartClientTestNetworkBehaviour] NetworkBehaviourProcessor
[OnStopClientTestNetworkBehaviour] NetworkBehaviourProcessor
[TestObjectBehaviour] NetworkBehaviourProcessor
[TestPlayerBehaviour] NetworkBehaviourProcessor
[HookBehaviour] NetworkBehaviourProcessor
[GameObjectHookBehaviour] NetworkBehaviourProcessor
[NetworkIdentityHookBehaviour] NetworkBehaviourProcessor
[NetworkBehaviourHookBehaviour] NetworkBehaviourProcessor
[StaticHookBehaviour] NetworkBehaviourProcessor
[VirtualHookBase] NetworkBehaviourProcessor
[VirtualHookBase] NetworkBehaviourProcessor
[VirtualOverrideHook] NetworkBehaviourProcessor
[AbstractHookBase] NetworkBehaviourProcessor
[AbstractHookBase] NetworkBehaviourProcessor
[AbstractHook] NetworkBehaviourProcessor
[MockPlayer] NetworkBehaviourProcessor
[SyncVarGameObject] NetworkBehaviourProcessor
[SyncVarNetworkIdentity] NetworkBehaviourProcessor
[SyncVarTransform] NetworkBehaviourProcessor
[SyncVarNetworkBehaviour] NetworkBehaviourProcessor
[AbstractBehaviour] NetworkBehaviourProcessor
[BehaviourWithSyncVar] NetworkBehaviourProcessor
[AbstractBehaviour] NetworkBehaviourProcessor
[OverrideBehaviourFromSyncVar] NetworkBehaviourProcessor
[AbstractBehaviour] NetworkBehaviourProcessor
[OverrideBehaviourWithSyncVarFromSyncVar] NetworkBehaviourProcessor
[AbstractBehaviour] NetworkBehaviourProcessor
[MiddleClass] NetworkBehaviourProcessor
[AbstractBehaviour] NetworkBehaviourProcessor
[MiddleClass] NetworkBehaviourProcessor
[SubClass] NetworkBehaviourProcessor
[AbstractBehaviour] NetworkBehaviourProcessor
[MiddleClassWithSyncVar] NetworkBehaviourProcessor
[AbstractBehaviour] NetworkBehaviourProcessor
[MiddleClassWithSyncVar] NetworkBehaviourProcessor
[SubClassFromSyncVar] NetworkBehaviourProcessor
[BehaviourWithSyncVarWithOnSerialize] NetworkBehaviourProcessor
[AbstractBehaviour] NetworkBehaviourProcessor
[OverrideBehaviourFromSyncVarWithOnSerialize] NetworkBehaviourProcessor
[AbstractBehaviour] NetworkBehaviourProcessor
[OverrideBehaviourWithSyncVarFromSyncVarWithOnSerialize] NetworkBehaviourProcessor
[AttributeBehaviour_NetworkBehaviour] NetworkBehaviourProcessor
[DataSenderBehaviour] NetworkBehaviourProcessor
[PayloadTestBehaviour] NetworkBehaviourProcessor
[BehaviourWithEvents] NetworkBehaviourProcessor
[VirtualClientRpc] NetworkBehaviourProcessor
[VirtualClientRpc] NetworkBehaviourProcessor
[VirtualNoOverrideClientRpc] NetworkBehaviourProcessor
[VirtualClientRpc] NetworkBehaviourProcessor
[VirtualOverrideClientRpc] NetworkBehaviourProcessor
[VirtualClientRpc] NetworkBehaviourProcessor
[VirtualOverrideClientRpcWithBase] NetworkBehaviourProcessor
[ClientRpcBehaviour] NetworkBehaviourProcessor
[ExcludeOwnerBehaviour] NetworkBehaviourProcessor
[VirtualCommand] NetworkBehaviourProcessor
[VirtualCommand] NetworkBehaviourProcessor
[VirtualNoOverrideCommand] NetworkBehaviourProcessor
[VirtualCommand] NetworkBehaviourProcessor
[VirtualOverrideCommand] NetworkBehaviourProcessor
[VirtualCommand] NetworkBehaviourProcessor
[VirtualOverrideCommandWithBase] NetworkBehaviourProcessor
[VirtualCommand] NetworkBehaviourProcessor
[VirtualOverrideCommandWithBase] NetworkBehaviourProcessor
[VirtualOverrideCommandWithBase2] NetworkBehaviourProcessor
[AuthorityBehaviour] NetworkBehaviourProcessor
[IgnoreAuthorityBehaviour] NetworkBehaviourProcessor
[SenderConnectionBehaviour] NetworkBehaviourProcessor
[SenderConnectionIgnoreAuthorityBehaviour] NetworkBehaviourProcessor
[ThrowBehaviour] NetworkBehaviourProcessor
[RpcNetworkIdentityBehaviour] NetworkBehaviourProcessor
[VirtualTargetRpc] NetworkBehaviourProcessor
[VirtualTargetRpc] NetworkBehaviourProcessor
[VirtualNoOverrideTargetRpc] NetworkBehaviourProcessor
[VirtualTargetRpc] NetworkBehaviourProcessor
[VirtualOverrideTargetRpc] NetworkBehaviourProcessor
[VirtualTargetRpc] NetworkBehaviourProcessor
[VirtualOverrideTargetRpcWithBase] NetworkBehaviourProcessor
[TargetRpcBehaviour] NetworkBehaviourProcessor
Weave behaviours and messages took529 milliseconds
  ProcessSitesModule Mirror.Tests.dll elapsed time:00:00:00.0259671
Find all reader and writers took 308 milliseconds
Script Module: WeaverTestExtraAssembly.dll
Weave behaviours and messages took4 milliseconds
  ProcessSitesModule WeaverTestExtraAssembly.dll elapsed time:00:00:00
Find all reader and writers took 312 milliseconds
Script Module: Mirror.CompilerSymbols.dll
Weave behaviours and messages took1 milliseconds
Mono: successfully reloaded assembly
- Completed reload, in 24.528 seconds
Platform modules already initialized, skipping
========================================================================
Worker process is ready to serve import requests
Launched and connected shader compiler UnityShaderCompiler.exe after 0.11 seconds
Refreshing native plugins compatible for Editor in 0.61 ms, found 0 plugins.
Preloading 0 native plugins for Editor in 0.00 ms.
Unloading 1785 Unused Serialized files (Serialized files now loaded: 0)
System memory in use before: 79.2 MB.
System memory in use after: 79.3 MB.

Unloading 20 unused Assets to reduce memory usage. Loaded Objects now: 2221.
Total: 5.018400 ms (FindLiveObjects: 0.471800 ms CreateObjectMapping: 0.178400 ms MarkObjects: 4.226700 ms  DeleteObjects: 0.139800 ms)

========================================================================
Received Import Request.
  path: Assets/Cook Off/InputSettings.asset
  artifactKey: Guid(ae49f201efd7eeb4a850c6200aedc0de) Importer(815301076,1909f56bfc062723c751e8b465ee728b)
Start importing Assets/Cook Off/InputSettings.asset using Guid(ae49f201efd7eeb4a850c6200aedc0de) Importer(815301076,1909f56bfc062723c751e8b465ee728b)  -> (artifact id: 'e4c573edafd32e8e3cdfe649b5fc83ce') in 0.080218 seconds
  Import took 0.087038 seconds .

========================================================================
Received Import Request.
  Time since last request: 196.462824 seconds.
  path: Assets/Cook Off/PlayerHand.inputactions
  artifactKey: Guid(703536f2acaa3e948a9a9f8a1eaad601) Importer(815301076,1909f56bfc062723c751e8b465ee728b)
Start importing Assets/Cook Off/PlayerHand.inputactions using Guid(703536f2acaa3e948a9a9f8a1eaad601) Importer(815301076,1909f56bfc062723c751e8b465ee728b)  -> (artifact id: '16e9f4f75639525763b2f5bcdd2e0ccd') in 0.040844 seconds
  Import took 0.049173 seconds .

========================================================================
Received Import Request.
  Time since last request: 208.813406 seconds.
  path: Assets/Cook Off/PlayerHand.inputactions
  artifactKey: Guid(703536f2acaa3e948a9a9f8a1eaad601) Importer(815301076,1909f56bfc062723c751e8b465ee728b)
Start importing Assets/Cook Off/PlayerHand.inputactions using Guid(703536f2acaa3e948a9a9f8a1eaad601) Importer(815301076,1909f56bfc062723c751e8b465ee728b)  -> (artifact id: 'b04bc2924391b07ee467ad80e88e9abb') in 0.019847 seconds
  Import took 0.029860 seconds .

========================================================================
Received Import Request.
  Time since last request: 0.000588 seconds.
  path: Assets/Cook Off/PlayerHand.inputactions
  artifactKey: Guid(703536f2acaa3e948a9a9f8a1eaad601) Importer(815301076,1909f56bfc062723c751e8b465ee728b)
Start importing Assets/Cook Off/PlayerHand.inputactions using Guid(703536f2acaa3e948a9a9f8a1eaad601) Importer(815301076,1909f56bfc062723c751e8b465ee728b)  -> (artifact id: 'b04bc2924391b07ee467ad80e88e9abb') in 0.015966 seconds
  Import took 0.022554 seconds .

========================================================================
Received Import Request.
  Time since last request: 68.843892 seconds.
  path: Assets/Cook Off/PlayerHand.inputactions
  artifactKey: Guid(703536f2acaa3e948a9a9f8a1eaad601) Importer(815301076,1909f56bfc062723c751e8b465ee728b)
Start importing Assets/Cook Off/PlayerHand.inputactions using Guid(703536f2acaa3e948a9a9f8a1eaad601) Importer(815301076,1909f56bfc062723c751e8b465ee728b)  -> (artifact id: 'd7c09800626e5ef291720ec75169e5b5') in 0.014717 seconds
  Import took 0.022575 seconds .

========================================================================
Received Import Request.
  Time since last request: 0.006267 seconds.
  path: Assets/Cook Off/PlayerHand.inputactions
  artifactKey: Guid(703536f2acaa3e948a9a9f8a1eaad601) Importer(815301076,1909f56bfc062723c751e8b465ee728b)
Start importing Assets/Cook Off/PlayerHand.inputactions using Guid(703536f2acaa3e948a9a9f8a1eaad601) Importer(815301076,1909f56bfc062723c751e8b465ee728b)  -> (artifact id: 'd7c09800626e5ef291720ec75169e5b5') in 0.011303 seconds
  Import took 0.017378 seconds .

========================================================================
Received Prepare
Registering precompiled user dll's ...
Registered in 0.004566 seconds.
Begin MonoManager ReloadAssembly
Native extension for WindowsStandalone target not found
Refreshing native plugins compatible for Editor in 0.42 ms, found 0 plugins.
Preloading 0 native plugins for Editor in 0.00 ms.
Invoked RoslynAnalysisRunner static constructor.
RoslynAnalysisRunner will not be running.
RoslynAnalysisRunner has terminated.
Mono: successfully reloaded assembly
- Completed reload, in  1.177 seconds
Platform modules already initialized, skipping
Refreshing native plugins compatible for Editor in 0.33 ms, found 0 plugins.
Preloading 0 native plugins for Editor in 0.00 ms.
Unloading 1780 Unused Serialized files (Serialized files now loaded: 0)
System memory in use before: 79.4 MB.
System memory in use after: 79.5 MB.

Unloading 13 unused Assets to reduce memory usage. Loaded Objects now: 2223.
Total: 2.577700 ms (FindLiveObjects: 0.326800 ms CreateObjectMapping: 0.104700 ms MarkObjects: 2.035700 ms  DeleteObjects: 0.109100 ms)

========================================================================
Received Prepare
Registering precompiled user dll's ...
Registered in 0.006375 seconds.
Begin MonoManager ReloadAssembly
Native extension for WindowsStandalone target not found
Refreshing native plugins compatible for Editor in 0.31 ms, found 0 plugins.
Preloading 0 native plugins for Editor in 0.00 ms.
Invoked RoslynAnalysisRunner static constructor.
RoslynAnalysisRunner will not be running.
RoslynAnalysisRunner has terminated.
Mono: successfully reloaded assembly
- Completed reload, in  1.278 seconds
Platform modules already initialized, skipping
Refreshing native plugins compatible for Editor in 0.75 ms, found 0 plugins.
Preloading 0 native plugins for Editor in 0.00 ms.
Unloading 1780 Unused Serialized files (Serialized files now loaded: 0)
System memory in use before: 79.6 MB.
System memory in use after: 79.6 MB.

Unloading 13 unused Assets to reduce memory usage. Loaded Objects now: 2225.
Total: 3.952800 ms (FindLiveObjects: 0.412000 ms CreateObjectMapping: 0.110700 ms MarkObjects: 3.293000 ms  DeleteObjects: 0.135800 ms)

========================================================================
Received Prepare
Registering precompiled user dll's ...
Registered in 0.007093 seconds.
Begin MonoManager ReloadAssembly
Native extension for WindowsStandalone target not found
Refreshing native plugins compatible for Editor in 0.49 ms, found 0 plugins.
Preloading 0 native plugins for Editor in 0.00 ms.
Invoked RoslynAnalysisRunner static constructor.
RoslynAnalysisRunner will not be running.
RoslynAnalysisRunner has terminated.
Mono: successfully reloaded assembly
- Completed reload, in  1.117 seconds
Platform modules already initialized, skipping
Refreshing native plugins compatible for Editor in 0.39 ms, found 0 plugins.
Preloading 0 native plugins for Editor in 0.00 ms.
Unloading 1780 Unused Serialized files (Serialized files now loaded: 0)
System memory in use before: 79.7 MB.
System memory in use after: 79.8 MB.

Unloading 13 unused Assets to reduce memory usage. Loaded Objects now: 2227.
Total: 2.083400 ms (FindLiveObjects: 0.224900 ms CreateObjectMapping: 0.068000 ms MarkObjects: 1.685000 ms  DeleteObjects: 0.104300 ms)

========================================================================
Received Import Request.
  Time since last request: 3079.731716 seconds.
  path: Assets/Cook Off/Scripts
  artifactKey: Guid(4b9dc8130ca720641bbd496012016e09) Importer(815301076,1909f56bfc062723c751e8b465ee728b)
Start importing Assets/Cook Off/Scripts using Guid(4b9dc8130ca720641bbd496012016e09) Importer(815301076,1909f56bfc062723c751e8b465ee728b)  -> (artifact id: '52adf556c3d8fe257876bebf15a3e930') in 0.017081 seconds
  Import took 0.021101 seconds .

========================================================================
Received Import Request.
  Time since last request: 0.009604 seconds.
  path: Assets/Cook Off/Scripts
  artifactKey: Guid(4b9dc8130ca720641bbd496012016e09) Importer(815301076,1909f56bfc062723c751e8b465ee728b)
Start importing Assets/Cook Off/Scripts using Guid(4b9dc8130ca720641bbd496012016e09) Importer(815301076,1909f56bfc062723c751e8b465ee728b)  -> (artifact id: '52adf556c3d8fe257876bebf15a3e930') in 0.005839 seconds
  Import took 0.009566 seconds .

========================================================================
Received Import Request.
  Time since last request: 30.065118 seconds.
  path: Assets/Cook Off/PlayerHand.inputactions
  artifactKey: Guid(703536f2acaa3e948a9a9f8a1eaad601) Importer(815301076,1909f56bfc062723c751e8b465ee728b)
Start importing Assets/Cook Off/PlayerHand.inputactions using Guid(703536f2acaa3e948a9a9f8a1eaad601) Importer(815301076,1909f56bfc062723c751e8b465ee728b)  -> (artifact id: 'eb45a00261a31ca552db668718f62b94') in 0.039090 seconds
  Import took 0.045603 seconds .

========================================================================
Received Prepare
Registering precompiled user dll's ...
Registered in 0.006302 seconds.
Begin MonoManager ReloadAssembly
Native extension for WindowsStandalone target not found
Refreshing native plugins compatible for Editor in 0.57 ms, found 0 plugins.
Preloading 0 native plugins for Editor in 0.00 ms.
Invoked RoslynAnalysisRunner static constructor.
RoslynAnalysisRunner will not be running.
RoslynAnalysisRunner has terminated.
Mono: successfully reloaded assembly
- Completed reload, in  1.064 seconds
Platform modules already initialized, skipping
Refreshing native plugins compatible for Editor in 0.44 ms, found 0 plugins.
Preloading 0 native plugins for Editor in 0.00 ms.
Unloading 1780 Unused Serialized files (Serialized files now loaded: 0)
System memory in use before: 79.8 MB.
System memory in use after: 79.9 MB.

Unloading 13 unused Assets to reduce memory usage. Loaded Objects now: 2229.
Total: 2.807600 ms (FindLiveObjects: 0.346100 ms CreateObjectMapping: 0.107400 ms MarkObjects: 2.202000 ms  DeleteObjects: 0.150600 ms)

========================================================================
Received Prepare
Registering precompiled user dll's ...
Registered in 0.003536 seconds.
Begin MonoManager ReloadAssembly
Native extension for WindowsStandalone target not found
Refreshing native plugins compatible for Editor in 0.31 ms, found 0 plugins.
Preloading 0 native plugins for Editor in 0.00 ms.
Invoked RoslynAnalysisRunner static constructor.
RoslynAnalysisRunner will not be running.
RoslynAnalysisRunner has terminated.
Mono: successfully reloaded assembly
- Completed reload, in  0.803 seconds
Platform modules already initialized, skipping
Refreshing native plugins compatible for Editor in 0.31 ms, found 0 plugins.
Preloading 0 native plugins for Editor in 0.00 ms.
Unloading 1780 Unused Serialized files (Serialized files now loaded: 0)
System memory in use before: 79.9 MB.
System memory in use after: 80.0 MB.

Unloading 13 unused Assets to reduce memory usage. Loaded Objects now: 2231.
Total: 2.141400 ms (FindLiveObjects: 0.336600 ms CreateObjectMapping: 0.117600 ms MarkObjects: 1.633600 ms  DeleteObjects: 0.051400 ms)

========================================================================
Received Import Request.
  Time since last request: 719.466640 seconds.
  path: Assets/Cook Off/Scripts/CameraFollow.cs
  artifactKey: Guid(c2b720189f627be4e8ab913bba38041d) Importer(815301076,1909f56bfc062723c751e8b465ee728b)
Start importing Assets/Cook Off/Scripts/CameraFollow.cs using Guid(c2b720189f627be4e8ab913bba38041d) Importer(815301076,1909f56bfc062723c751e8b465ee728b)  -> (artifact id: 'eadaa0640249ae1176a6503e51c74260') in 0.033482 seconds
  Import took 0.039735 seconds .

========================================================================
Received Prepare
Registering precompiled user dll's ...
Registered in 0.004623 seconds.
Begin MonoManager ReloadAssembly
Native extension for WindowsStandalone target not found
Refreshing native plugins compatible for Editor in 0.37 ms, found 0 plugins.
Preloading 0 native plugins for Editor in 0.00 ms.
Invoked RoslynAnalysisRunner static constructor.
RoslynAnalysisRunner will not be running.
RoslynAnalysisRunner has terminated.
Mono: successfully reloaded assembly
- Completed reload, in  1.127 seconds
Platform modules already initialized, skipping
Refreshing native plugins compatible for Editor in 0.31 ms, found 0 plugins.
Preloading 0 native plugins for Editor in 0.00 ms.
Unloading 1781 Unused Serialized files (Serialized files now loaded: 0)
System memory in use before: 80.0 MB.
System memory in use after: 80.1 MB.

Unloading 13 unused Assets to reduce memory usage. Loaded Objects now: 2234.
Total: 2.652400 ms (FindLiveObjects: 0.426800 ms CreateObjectMapping: 0.089400 ms MarkObjects: 1.806100 ms  DeleteObjects: 0.329100 ms)

========================================================================
Received Prepare
Registering precompiled user dll's ...
Registered in 0.003465 seconds.
Begin MonoManager ReloadAssembly
Native extension for WindowsStandalone target not found
Refreshing native plugins compatible for Editor in 0.32 ms, found 0 plugins.
Preloading 0 native plugins for Editor in 0.00 ms.
Invoked RoslynAnalysisRunner static constructor.
RoslynAnalysisRunner will not be running.
RoslynAnalysisRunner has terminated.
Mono: successfully reloaded assembly
- Completed reload, in  0.855 seconds
Platform modules already initialized, skipping
Refreshing native plugins compatible for Editor in 0.45 ms, found 0 plugins.
Preloading 0 native plugins for Editor in 0.00 ms.
Unloading 1781 Unused Serialized files (Serialized files now loaded: 0)
System memory in use before: 80.1 MB.
System memory in use after: 80.2 MB.

Unloading 13 unused Assets to reduce memory usage. Loaded Objects now: 2236.
Total: 1.976700 ms (FindLiveObjects: 0.212800 ms CreateObjectMapping: 0.068100 ms MarkObjects: 1.625900 ms  DeleteObjects: 0.068900 ms)

========================================================================
Received Import Request.
  Time since last request: 246.895308 seconds.
  path: Assets/Cook Off/Scripts/CameraFollow.cs
  artifactKey: Guid(c2b720189f627be4e8ab913bba38041d) Importer(815301076,1909f56bfc062723c751e8b465ee728b)
Start importing Assets/Cook Off/Scripts/CameraFollow.cs using Guid(c2b720189f627be4e8ab913bba38041d) Importer(815301076,1909f56bfc062723c751e8b465ee728b)  -> (artifact id: '16bdcf87b3668bdb7bf9b1813d9968dd') in 0.005310 seconds
  Import took 0.007884 seconds .

========================================================================
Received Prepare
Registering precompiled user dll's ...
Registered in 0.003592 seconds.
Begin MonoManager ReloadAssembly
Native extension for WindowsStandalone target not found
Refreshing native plugins compatible for Editor in 0.39 ms, found 0 plugins.
Preloading 0 native plugins for Editor in 0.00 ms.
Invoked RoslynAnalysisRunner static constructor.
RoslynAnalysisRunner will not be running.
RoslynAnalysisRunner has terminated.
Mono: successfully reloaded assembly
- Completed reload, in  0.878 seconds
Platform modules already initialized, skipping
Refreshing native plugins compatible for Editor in 0.31 ms, found 0 plugins.
Preloading 0 native plugins for Editor in 0.00 ms.
Unloading 1781 Unused Serialized files (Serialized files now loaded: 0)
System memory in use before: 80.2 MB.
System memory in use after: 80.3 MB.

Unloading 13 unused Assets to reduce memory usage. Loaded Objects now: 2238.
Total: 2.005000 ms (FindLiveObjects: 0.204900 ms CreateObjectMapping: 0.092900 ms MarkObjects: 1.655300 ms  DeleteObjects: 0.050700 ms)

========================================================================
Received Import Request.
  Time since last request: 432.506834 seconds.
  path: Assets/Cook Off/Scripts/CameraFollow.cs
  artifactKey: Guid(c2b720189f627be4e8ab913bba38041d) Importer(815301076,1909f56bfc062723c751e8b465ee728b)
Start importing Assets/Cook Off/Scripts/CameraFollow.cs using Guid(c2b720189f627be4e8ab913bba38041d) Importer(815301076,1909f56bfc062723c751e8b465ee728b)  -> (artifact id: 'a15d5260b39c02852d4334d73295a124') in 0.007059 seconds
  Import took 0.009532 seconds .

========================================================================
Received Import Request.
  Time since last request: 0.025227 seconds.
  path: Assets/Cook Off/Scripts/CameraFollow.cs
  artifactKey: Guid(c2b720189f627be4e8ab913bba38041d) Importer(815301076,1909f56bfc062723c751e8b465ee728b)
Start importing Assets/Cook Off/Scripts/CameraFollow.cs using Guid(c2b720189f627be4e8ab913bba38041d) Importer(815301076,1909f56bfc062723c751e8b465ee728b)  -> (artifact id: 'a15d5260b39c02852d4334d73295a124') in 0.002424 seconds
  Import took 0.004897 seconds .

========================================================================
Received Prepare
Registering precompiled user dll's ...
Registered in 0.003445 seconds.
Begin MonoManager ReloadAssembly
Native extension for WindowsStandalone target not found
Refreshing native plugins compatible for Editor in 0.32 ms, found 0 plugins.
Preloading 0 native plugins for Editor in 0.00 ms.
Invoked RoslynAnalysisRunner static constructor.
RoslynAnalysisRunner will not be running.
RoslynAnalysisRunner has terminated.
Mono: successfully reloaded assembly
- Completed reload, in  0.838 seconds
Platform modules already initialized, skipping
Refreshing native plugins compatible for Editor in 0.41 ms, found 0 plugins.
Preloading 0 native plugins for Editor in 0.00 ms.
Unloading 1781 Unused Serialized files (Serialized files now loaded: 0)
System memory in use before: 80.3 MB.
System memory in use after: 80.4 MB.

Unloading 13 unused Assets to reduce memory usage. Loaded Objects now: 2240.
Total: 1.727700 ms (FindLiveObjects: 0.175500 ms CreateObjectMapping: 0.057400 ms MarkObjects: 1.445100 ms  DeleteObjects: 0.048700 ms)

========================================================================
Received Prepare
Registering precompiled user dll's ...
Registered in 0.003552 seconds.
Begin MonoManager ReloadAssembly
Native extension for WindowsStandalone target not found
Refreshing native plugins compatible for Editor in 0.32 ms, found 0 plugins.
Preloading 0 native plugins for Editor in 0.00 ms.
Invoked RoslynAnalysisRunner static constructor.
RoslynAnalysisRunner will not be running.
RoslynAnalysisRunner has terminated.
Mono: successfully reloaded assembly
- Completed reload, in  0.910 seconds
Platform modules already initialized, skipping
Refreshing native plugins compatible for Editor in 0.31 ms, found 0 plugins.
Preloading 0 native plugins for Editor in 0.00 ms.
Unloading 1781 Unused Serialized files (Serialized files now loaded: 0)
System memory in use before: 80.4 MB.
System memory in use after: 80.5 MB.

Unloading 13 unused Assets to reduce memory usage. Loaded Objects now: 2242.
Total: 1.932800 ms (FindLiveObjects: 0.169900 ms CreateObjectMapping: 0.075600 ms MarkObjects: 1.636100 ms  DeleteObjects: 0.050000 ms)

========================================================================
Received Prepare
Registering precompiled user dll's ...
Registered in 0.003340 seconds.
Begin MonoManager ReloadAssembly
Native extension for WindowsStandalone target not found
Refreshing native plugins compatible for Editor in 0.32 ms, found 0 plugins.
Preloading 0 native plugins for Editor in 0.00 ms.
Invoked RoslynAnalysisRunner static constructor.
RoslynAnalysisRunner will not be running.
RoslynAnalysisRunner has terminated.
Mono: successfully reloaded assembly
- Completed reload, in  0.895 seconds
Platform modules already initialized, skipping
Refreshing native plugins compatible for Editor in 0.32 ms, found 0 plugins.
Preloading 0 native plugins for Editor in 0.00 ms.
Unloading 1781 Unused Serialized files (Serialized files now loaded: 0)
System memory in use before: 80.4 MB.
System memory in use after: 80.5 MB.

Unloading 13 unused Assets to reduce memory usage. Loaded Objects now: 2244.
Total: 2.033800 ms (FindLiveObjects: 0.167200 ms CreateObjectMapping: 0.049000 ms MarkObjects: 1.771800 ms  DeleteObjects: 0.044900 ms)

========================================================================
Received Prepare
Registering precompiled user dll's ...
Registered in 0.003397 seconds.
Begin MonoManager ReloadAssembly
Native extension for WindowsStandalone target not found
Refreshing native plugins compatible for Editor in 0.31 ms, found 0 plugins.
Preloading 0 native plugins for Editor in 0.00 ms.
Invoked RoslynAnalysisRunner static constructor.
RoslynAnalysisRunner will not be running.
RoslynAnalysisRunner has terminated.
Mono: successfully reloaded assembly
- Completed reload, in  0.822 seconds
Platform modules already initialized, skipping
Refreshing native plugins compatible for Editor in 0.32 ms, found 0 plugins.
Preloading 0 native plugins for Editor in 0.00 ms.
Unloading 1781 Unused Serialized files (Serialized files now loaded: 0)
System memory in use before: 80.6 MB.
System memory in use after: 80.7 MB.

Unloading 13 unused Assets to reduce memory usage. Loaded Objects now: 2246.
Total: 1.916300 ms (FindLiveObjects: 0.193400 ms CreateObjectMapping: 0.075200 ms MarkObjects: 1.592900 ms  DeleteObjects: 0.053600 ms)

========================================================================
Received Import Request.
  Time since last request: 800.864362 seconds.
  path: Assets/Cook Off/Test.prefab
  artifactKey: Guid(e6bc372f2209a6048a4b545a56cd9c4b) Importer(815301076,1909f56bfc062723c751e8b465ee728b)
Start importing Assets/Cook Off/Test.prefab using Guid(e6bc372f2209a6048a4b545a56cd9c4b) Importer(815301076,1909f56bfc062723c751e8b465ee728b)  -> (artifact id: '103dedea4bc6073bea3e513897ee84f1') in 0.117001 seconds
  Import took 0.120122 seconds .

========================================================================
Received Import Request.
  Time since last request: 0.003117 seconds.
  path: Assets/Cook Off/Test.prefab
  artifactKey: Guid(e6bc372f2209a6048a4b545a56cd9c4b) Importer(815301076,1909f56bfc062723c751e8b465ee728b)
Start importing Assets/Cook Off/Test.prefab using Guid(e6bc372f2209a6048a4b545a56cd9c4b) Importer(815301076,1909f56bfc062723c751e8b465ee728b)  -> (artifact id: '103dedea4bc6073bea3e513897ee84f1') in 0.009836 seconds
  Import took 0.012802 seconds .

========================================================================
Received Import Request.
  Time since last request: 19.802810 seconds.
  path: Assets/Cook Off/Test 1.prefab
  artifactKey: Guid(b7354ff30553e3e4fa190aedd20b70e1) Importer(815301076,1909f56bfc062723c751e8b465ee728b)
Start importing Assets/Cook Off/Test 1.prefab using Guid(b7354ff30553e3e4fa190aedd20b70e1) Importer(815301076,1909f56bfc062723c751e8b465ee728b)  -> (artifact id: '6506d715f4df32e1a88a6303a5f0b552') in 0.017199 seconds
  Import took 0.020305 seconds .

========================================================================
Received Import Request.
  Time since last request: 0.062538 seconds.
  path: Assets/Cook Off/Test 1.prefab
  artifactKey: Guid(b7354ff30553e3e4fa190aedd20b70e1) Importer(815301076,1909f56bfc062723c751e8b465ee728b)
Start importing Assets/Cook Off/Test 1.prefab using Guid(b7354ff30553e3e4fa190aedd20b70e1) Importer(815301076,1909f56bfc062723c751e8b465ee728b)  -> (artifact id: '6506d715f4df32e1a88a6303a5f0b552') in 0.011435 seconds
  Import took 0.014803 seconds .

========================================================================
Received Import Request.
  Time since last request: 6.013176 seconds.
  path: Assets/Cook Off/Test.prefab
  artifactKey: Guid(b7354ff30553e3e4fa190aedd20b70e1) Importer(815301076,1909f56bfc062723c751e8b465ee728b)
Start importing Assets/Cook Off/Test.prefab using Guid(b7354ff30553e3e4fa190aedd20b70e1) Importer(815301076,1909f56bfc062723c751e8b465ee728b)  -> (artifact id: '8042bc589b6c2dd41bf370aa1180f581') in 0.014073 seconds
  Import took 0.018261 seconds .

========================================================================
Received Import Request.
  Time since last request: 0.060147 seconds.
  path: Assets/Cook Off/Test.prefab
  artifactKey: Guid(b7354ff30553e3e4fa190aedd20b70e1) Importer(815301076,1909f56bfc062723c751e8b465ee728b)
Start importing Assets/Cook Off/Test.prefab using Guid(b7354ff30553e3e4fa190aedd20b70e1) Importer(815301076,1909f56bfc062723c751e8b465ee728b)  -> (artifact id: '8042bc589b6c2dd41bf370aa1180f581') in 0.009318 seconds
  Import took 0.012733 seconds .

AssetImportWorkerClient::OnTransportError - code=2 error=End of file
